timestamp: 2018-10-31T14:59:18.509016
CREATE TABLE "auth_user"(
    "id" INTEGER PRIMARY KEY AUTOINCREMENT,
    "first_name" CHAR(128),
    "last_name" CHAR(128),
    "email" CHAR(512),
    "password" CHAR(512),
    "registration_key" CHAR(512),
    "reset_password_key" CHAR(512),
    "registration_id" CHAR(512)
);
success!
timestamp: 2018-10-31T14:59:18.642663
CREATE TABLE "auth_group"(
    "id" INTEGER PRIMARY KEY AUTOINCREMENT,
    "role" CHAR(512),
    "description" TEXT
);
success!
timestamp: 2018-10-31T14:59:18.761148
CREATE TABLE "auth_membership"(
    "id" INTEGER PRIMARY KEY AUTOINCREMENT,
    "user_id" INTEGER REFERENCES "auth_user" ("id") ON DELETE CASCADE  ,
    "group_id" INTEGER REFERENCES "auth_group" ("id") ON DELETE CASCADE  
);
success!
timestamp: 2018-10-31T14:59:18.962365
CREATE TABLE "auth_permission"(
    "id" INTEGER PRIMARY KEY AUTOINCREMENT,
    "group_id" INTEGER REFERENCES "auth_group" ("id") ON DELETE CASCADE  ,
    "name" CHAR(512),
    "table_name" CHAR(512),
    "record_id" INTEGER
);
success!
timestamp: 2018-10-31T14:59:19.094861
CREATE TABLE "auth_event"(
    "id" INTEGER PRIMARY KEY AUTOINCREMENT,
    "time_stamp" TIMESTAMP,
    "client_ip" CHAR(512),
    "user_id" INTEGER REFERENCES "auth_user" ("id") ON DELETE CASCADE  ,
    "origin" CHAR(512),
    "description" TEXT
);
success!
timestamp: 2018-10-31T14:59:19.231570
CREATE TABLE "auth_cas"(
    "id" INTEGER PRIMARY KEY AUTOINCREMENT,
    "user_id" INTEGER REFERENCES "auth_user" ("id") ON DELETE CASCADE  ,
    "created_on" TIMESTAMP,
    "service" CHAR(512),
    "ticket" CHAR(512),
    "renew" CHAR(1)
);
success!
timestamp: 2019-10-14T15:14:21.830329
CREATE TABLE "wiki_page"(
    "id" INTEGER PRIMARY KEY AUTOINCREMENT,
    "slug" CHAR(512),
    "title" CHAR(255) UNIQUE,
    "body" TEXT NOT NULL,
    "tags" TEXT,
    "can_read" TEXT,
    "can_edit" TEXT,
    "changelog" CHAR(512),
    "html" TEXT,
    "render" CHAR(512),
    "is_active" CHAR(1),
    "created_on" TIMESTAMP,
    "created_by" INTEGER REFERENCES "auth_user" ("id") ON DELETE CASCADE  ,
    "modified_on" TIMESTAMP,
    "modified_by" INTEGER REFERENCES "auth_user" ("id") ON DELETE CASCADE  
);
success!
timestamp: 2019-10-14T15:14:21.974838
CREATE TABLE "wiki_tag"(
    "id" INTEGER PRIMARY KEY AUTOINCREMENT,
    "name" CHAR(512),
    "wiki_page" INTEGER REFERENCES "wiki_page" ("id") ON DELETE CASCADE  ,
    "is_active" CHAR(1),
    "created_on" TIMESTAMP,
    "created_by" INTEGER REFERENCES "auth_user" ("id") ON DELETE CASCADE  ,
    "modified_on" TIMESTAMP,
    "modified_by" INTEGER REFERENCES "auth_user" ("id") ON DELETE CASCADE  
);
success!
timestamp: 2019-10-14T15:14:22.088587
CREATE TABLE "wiki_media"(
    "id" INTEGER PRIMARY KEY AUTOINCREMENT,
    "wiki_page" INTEGER REFERENCES "wiki_page" ("id") ON DELETE CASCADE  ,
    "title" CHAR(512),
    "filename" CHAR(512),
    "is_active" CHAR(1),
    "created_on" TIMESTAMP,
    "created_by" INTEGER REFERENCES "auth_user" ("id") ON DELETE CASCADE  ,
    "modified_on" TIMESTAMP,
    "modified_by" INTEGER REFERENCES "auth_user" ("id") ON DELETE CASCADE  
);
success!
timestamp: 2019-10-19T08:57:59.130117
CREATE TABLE "section"(
    "id" INTEGER PRIMARY KEY AUTOINCREMENT,
    "name" CHAR(512)
);
success!
timestamp: 2019-10-19T11:35:16.673600
CREATE TABLE "degree"(
    "id" INTEGER PRIMARY KEY AUTOINCREMENT,
    "name" CHAR(512),
    "section" INTEGER REFERENCES "section" ("id") ON DELETE CASCADE  
);
success!
success!
timestamp: 2019-10-19T11:38:43.513244
CREATE TABLE "section_degree"(
    "id" INTEGER PRIMARY KEY AUTOINCREMENT,
    "section" INTEGER REFERENCES "section" ("id") ON DELETE CASCADE  ,
    "degree" INTEGER REFERENCES "degree" ("id") ON DELETE CASCADE  
);
success!
success!
success!
success!
success!
success!
success!
success!
success!
success!
success!
success!
success!
success!
success!
success!
timestamp: 2019-10-19T11:50:11.456785
CREATE TABLE "students"(
    "id" INTEGER PRIMARY KEY AUTOINCREMENT,
    "nombres" INTEGER REFERENCES "degree" ("id") ON DELETE CASCADE  ,
    "apellidos" INTEGER REFERENCES "degree" ("id") ON DELETE CASCADE  
);
success!
timestamp: 2019-10-19T11:51:21.592059
CREATE TABLE "seccion"(
    "id" INTEGER PRIMARY KEY AUTOINCREMENT,
    "name" CHAR(512)
);
success!
timestamp: 2019-10-19T11:51:21.709447
CREATE TABLE "grado"(
    "id" INTEGER PRIMARY KEY AUTOINCREMENT,
    "name" CHAR(512)
);
success!
timestamp: 2019-10-19T11:51:21.836809
CREATE TABLE "section_grado"(
    "id" INTEGER PRIMARY KEY AUTOINCREMENT,
    "grado" INTEGER REFERENCES "grado" ("id") ON DELETE CASCADE  ,
    "seccion" INTEGER REFERENCES "seccion" ("id") ON DELETE CASCADE  
);
success!
timestamp: 2019-10-19T11:51:21.966787
CREATE TABLE "estudiante"(
    "id" INTEGER PRIMARY KEY AUTOINCREMENT,
    "nombres" INTEGER REFERENCES "grado" ("id") ON DELETE CASCADE  ,
    "apellidos" INTEGER REFERENCES "grado" ("id") ON DELETE CASCADE  
);
success!
timestamp: 2019-10-19T11:53:13.470252
CREATE TABLE "seccion_grado"(
    "id" INTEGER PRIMARY KEY AUTOINCREMENT,
    "grado" INTEGER REFERENCES "grado" ("id") ON DELETE CASCADE  ,
    "seccion" INTEGER REFERENCES "seccion" ("id") ON DELETE CASCADE  
);
success!
timestamp: 2019-10-19T11:57:16.263515
ALTER TABLE "estudiante" ADD "fecha_ingreso" DATE;
timestamp: 2019-10-19T11:57:16.389333
ALTER TABLE "estudiante" ADD "fecha_nacimiento" DATE;
success!
timestamp: 2019-10-19T11:58:00.040261
ALTER TABLE "estudiante" ADD "sexo" DATE;
success!
timestamp: 2019-10-19T11:59:30.387069
ALTER TABLE "estudiante" ADD "activo" CHAR(1);
timestamp: 2019-10-19T11:59:30.497545
ALTER TABLE "estudiante" ADD "email" CHAR(512);
success!
DROP TABLE "estudiante";
success!
timestamp: 2019-10-19T12:12:50.732205
CREATE TABLE "estudiante"(
    "id" INTEGER PRIMARY KEY AUTOINCREMENT,
    "nombres" CHAR(512),
    "apellidos" CHAR(512),
    "email" CHAR(512),
    "fecha_nacimiento" DATE,
    "fecha_ingreso" DATE,
    "sexo" CHAR(512),
    "activo" CHAR(1)
);
success!
timestamp: 2019-10-19T12:18:10.794036
ALTER TABLE "grado" ADD "valor" DOUBLE;
success!
timestamp: 2019-10-19T12:21:32.327086
ALTER TABLE "estudiante" ADD "seccion_grado" INTEGER REFERENCES "seccion_grado" ("id") ON DELETE CASCADE  ;
success!
timestamp: 2019-10-19T12:32:38.895917
CREATE TABLE "mes"(
    "id" INTEGER PRIMARY KEY AUTOINCREMENT,
    "nombre" CHAR(512)
);
success!
timestamp: 2019-10-19T12:38:07.158349
ALTER TABLE "mes" ADD "orden" DOUBLE;
success!
DROP TABLE "mes";
success!
timestamp: 2019-10-19T12:38:14.953155
CREATE TABLE "mes"(
    "id" INTEGER PRIMARY KEY AUTOINCREMENT,
    "nombre" CHAR(512),
    "orden" DOUBLE
);
success!
DROP TABLE "mes";
success!
timestamp: 2019-10-21T22:06:20.781673
CREATE TABLE "mes"(
    "id" INTEGER PRIMARY KEY AUTOINCREMENT,
    "nombre" CHAR(512),
    "orden" DOUBLE
);
success!
DROP TABLE "mes";
success!
timestamp: 2019-10-21T22:06:23.710782
CREATE TABLE "mes"(
    "id" INTEGER PRIMARY KEY AUTOINCREMENT,
    "nombre" CHAR(512),
    "orden" DOUBLE
);
success!
DROP TABLE "mes";
success!
timestamp: 2019-10-21T22:16:59.465310
CREATE TABLE "mes_servicio"(
    "id" INTEGER PRIMARY KEY AUTOINCREMENT,
    "nombre" CHAR(512),
    "orden" DOUBLE
);
success!
timestamp: 2019-10-21T22:16:59.577132
CREATE TABLE "pago"(
    "id" INTEGER PRIMARY KEY AUTOINCREMENT,
    "estudiante" INTEGER REFERENCES "estudiante" ("id") ON DELETE CASCADE  ,
    "mes_servicio" INTEGER REFERENCES "mes_servicio" ("id") ON DELETE CASCADE  ,
    "fecha_ingreso" DATE
);
success!
